2026-03-01 15:20:58.947 +03:00 [INF] FitTime application starting...
2026-03-01 15:21:25.074 +03:00 [INF] FitTime application starting...
2026-03-01 15:21:33.685 +03:00 [INF] User 'admin' logged in successfully (role: Admin)
2026-03-01 15:21:50.786 +03:00 [INF] FitTime application shutting down.
2026-03-01 15:25:33.802 +03:00 [INF] FitTime application starting...
2026-03-01 15:25:46.587 +03:00 [INF] User 'admin' logged in successfully (role: Admin)
2026-03-01 15:26:08.818 +03:00 [INF] FitTime application shutting down.
2026-03-01 15:43:56.270 +03:00 [INF] FitTime application starting...
2026-03-01 15:44:05.001 +03:00 [INF] User 'admin' logged in successfully (role: Admin)
2026-03-01 15:45:41.356 +03:00 [INF] FitTime application shutting down.
2026-03-01 15:48:48.091 +03:00 [INF] FitTime application starting...
2026-03-01 15:48:57.684 +03:00 [INF] User 'admin' logged in successfully (role: Admin)
2026-03-01 15:49:07.623 +03:00 [INF] FitTime application shutting down.
2026-03-01 15:51:48.082 +03:00 [INF] FitTime application starting...
2026-03-01 15:51:58.201 +03:00 [INF] User 'admin' logged in successfully (role: Admin)
2026-03-01 15:52:51.312 +03:00 [INF] FitTime application starting...
2026-03-01 15:53:00.984 +03:00 [INF] User 'admin' logged in successfully (role: Admin)
2026-03-01 16:00:57.093 +03:00 [INF] FitTime application starting...
2026-03-01 16:01:06.462 +03:00 [INF] User 'admin' logged in successfully (role: Admin)
2026-03-01 16:09:02.038 +03:00 [INF] FitTime application starting...
2026-03-01 16:09:11.469 +03:00 [INF] User 'admin' logged in successfully (role: Admin)
2026-03-01 16:15:20.927 +03:00 [INF] FitTime application starting...
2026-03-01 16:15:28.367 +03:00 [INF] User 'admin' logged in successfully (role: Admin)
2026-03-01 16:18:40.327 +03:00 [INF] FitTime application shutting down.
2026-03-01 16:22:33.861 +03:00 [INF] FitTime application starting...
2026-03-01 16:22:45.822 +03:00 [INF] User 'admin' logged in successfully (role: Admin)
2026-03-01 16:23:43.416 +03:00 [INF] FitTime application shutting down.
2026-03-01 16:30:45.280 +03:00 [INF] FitTime application starting...
2026-03-01 16:30:57.652 +03:00 [INF] User 'admin' logged in successfully (role: Admin)
2026-03-01 16:33:23.403 +03:00 [INF] FitTime application shutting down.
2026-03-01 16:34:02.516 +03:00 [INF] FitTime application starting...
2026-03-01 16:34:09.410 +03:00 [INF] User 'admin' logged in successfully (role: Admin)
2026-03-01 16:39:42.834 +03:00 [INF] FitTime application starting...
2026-03-01 16:39:53.520 +03:00 [INF] User 'admin' logged in successfully (role: Admin)
2026-03-01 16:40:54.333 +03:00 [INF] FitTime application shutting down.
2026-03-01 16:51:39.701 +03:00 [INF] FitTime application starting...
2026-03-01 16:51:57.614 +03:00 [WRN] Login failed: user 'manager' not found
2026-03-01 16:52:01.411 +03:00 [WRN] Login failed for 'manager1', attempts: 1
2026-03-01 16:52:06.363 +03:00 [WRN] Login failed for 'manager1', attempts: 2
2026-03-01 16:52:16.282 +03:00 [WRN] Login failed: user ' manager1' not found
2026-03-01 16:52:25.758 +03:00 [WRN] Login failed: user ' manager1' not found
2026-03-01 16:53:01.345 +03:00 [WRN] Login failed for 'trainer3', attempts: 1
2026-03-01 17:25:51.976 +03:00 [INF] FitTime application starting...
2026-03-01 17:26:05.556 +03:00 [INF] User 'manager1' logged in successfully (role: Manager)
2026-03-01 17:26:34.978 +03:00 [INF] FitTime application shutting down.
2026-03-01 17:26:41.857 +03:00 [INF] FitTime application starting...
2026-03-01 17:26:51.646 +03:00 [INF] User 'trainer1' logged in successfully (role: Trainer)
2026-03-01 17:28:08.811 +03:00 [INF] FitTime application shutting down.
2026-03-01 17:33:58.398 +03:00 [INF] FitTime application starting...
2026-03-01 17:34:05.999 +03:00 [INF] User 'admin' logged in successfully (role: Admin)
2026-03-01 17:34:38.765 +03:00 [INF] FitTime application shutting down.
2026-03-01 17:35:59.313 +03:00 [INF] FitTime application starting...
2026-03-01 17:36:38.841 +03:00 [INF] User 'admin' logged in successfully (role: Admin)
2026-03-01 17:36:53.109 +03:00 [INF] FitTime application shutting down.
2026-03-01 17:41:27.370 +03:00 [INF] FitTime application starting...
2026-03-01 17:41:34.608 +03:00 [INF] User 'admin' logged in successfully (role: Admin)
2026-03-01 17:44:18.925 +03:00 [INF] FitTime application starting...
2026-03-01 17:48:04.248 +03:00 [INF] User 'admin' logged in successfully (role: Admin)
2026-03-01 17:49:13.092 +03:00 [INF] FitTime application starting...
2026-03-01 17:49:32.841 +03:00 [INF] User 'admin' logged in successfully (role: Admin)
2026-03-01 17:51:45.566 +03:00 [INF] FitTime application starting...
2026-03-01 17:51:55.468 +03:00 [INF] User 'admin' logged in successfully (role: Admin)
2026-03-01 17:54:11.813 +03:00 [INF] FitTime application starting...
2026-03-01 17:54:19.883 +03:00 [INF] User 'admin' logged in successfully (role: Admin)
2026-03-01 17:58:33.376 +03:00 [INF] FitTime application starting...
2026-03-01 17:58:42.222 +03:00 [INF] User 'admin' logged in successfully (role: Admin)
2026-03-01 18:03:32.127 +03:00 [INF] FitTime application starting...
2026-03-01 18:03:45.011 +03:00 [INF] User 'admin' logged in successfully (role: Admin)
2026-03-01 18:06:33.784 +03:00 [INF] FitTime application starting...
2026-03-01 18:06:48.348 +03:00 [INF] User 'admin' logged in successfully (role: Admin)
2026-03-01 18:10:16.870 +03:00 [INF] FitTime application starting...
2026-03-01 18:10:25.963 +03:00 [INF] User 'admin' logged in successfully (role: Admin)
2026-03-01 18:11:04.082 +03:00 [INF] FitTime application starting...
